debug:[ViewLink.cpp][67][VLK_Init]########### ViewLink SDK 3.4.9 initialized ###########
debug:[ViewLink.cpp][216][VLK_RegisterDevStatusCB]VLK_RegisterDevStatusCB
debug:[ViewLink.cpp][79][VLK_Connect]VLK_Connect
debug:[TCPConnection.cpp][161][SocketCallback]TCP Gimbal Connected !!!!!!!!!!!!
debug:[DeviceConnection.cpp][1768][ProcSayHelloResponse]current connected device type: TIRM
debug:[DeviceConnection.cpp][1823][ProcSayHelloResponse]hand shake success! enjoy !!!
debug:[ViewLink.cpp][181][VLK_Disconnect]VLK_Disconnect
debug:[ViewLink.cpp][181][VLK_Disconnect]VLK_Disconnect
debug:[ViewLink.cpp][181][VLK_Disconnect]VLK_Disconnect
debug:[ViewLink.cpp][74][VLK_UnInit]########### ViewLink SDK 3.4.9 uninitialized ###########
debug:[ViewLink.cpp][67][VLK_Init]########### ViewLink SDK 3.4.9 initialized ###########
debug:[ViewLink.cpp][181][VLK_Disconnect]VLK_Disconnect
debug:[ViewLink.cpp][181][VLK_Disconnect]VLK_Disconnect
debug:[ViewLink.cpp][74][VLK_UnInit]########### ViewLink SDK 3.4.9 uninitialized ###########
debug:[ViewLink.cpp][67][VLK_Init]########### ViewLink SDK 3.4.9 initialized ###########
debug:[ViewLink.cpp][216][VLK_RegisterDevStatusCB]VLK_RegisterDevStatusCB
debug:[ViewLink.cpp][79][VLK_Connect]VLK_Connect
debug:[TCPConnection.cpp][161][SocketCallback]TCP Gimbal Connected !!!!!!!!!!!!
debug:[DeviceConnection.cpp][1768][ProcSayHelloResponse]current connected device type: TIRM
debug:[DeviceConnection.cpp][1823][ProcSayHelloResponse]hand shake success! enjoy !!!
error:[DeviceConnection.cpp][1695][ProcReceivedFrame]bad frame CheckSum, it should be 0x1a, but frame[46] = 0x5a
debug:[DeviceConnection.cpp][1698][ProcReceivedFrame]================begin frame==================
debug:[DeviceConnection.cpp][40][PrintHexData]frame size = 47, data: 55 aa dc 2c 40 02 00 00 00 00 00 00 00 00 00 00 00 00 00 00 00 00 00 00 00 00 00 00 07 ff ff c0 40 04 02 00 00 00 00 00 0f 0a 18 e2 00 0a 5a 
debug:[DeviceConnection.cpp][1700][ProcReceivedFrame]================end frame==================
error:[DeviceConnection.cpp][1890][ProcKeepAliveResponse]!!!!!!!!!!!!! magic number mismatch s_CrcTab[7c] = 85, but frame[5] = 41
debug:[ViewLink.cpp][181][VLK_Disconnect]VLK_Disconnect
debug:[ViewLink.cpp][181][VLK_Disconnect]VLK_Disconnect
debug:[ViewLink.cpp][181][VLK_Disconnect]VLK_Disconnect
debug:[ViewLink.cpp][74][VLK_UnInit]########### ViewLink SDK 3.4.9 uninitialized ###########
